<?xml version="1.0" encoding="UTF-8"?>
<testng-results ignored="0" total="1" passed="1" failed="0" skipped="0">
  <reporter-output>
  </reporter-output>
  <suite started-at="2023-12-11T13:45:14 EET" name="Default suite" finished-at="2023-12-11T13:46:06 EET" duration-ms="51457">
    <groups>
    </groups>
    <test started-at="2023-12-11T13:45:14 EET" name="Default test" finished-at="2023-12-11T13:46:06 EET" duration-ms="51457">
      <class name="Purchase.makePurchase">
        <test-method is-config="true" signature="beforeMethod()[pri:0, instance:Purchase.makePurchase@6e0f5f7f]" started-at="2023-12-11T13:45:14 EET" name="beforeMethod" finished-at="2023-12-11T13:45:20 EET" duration-ms="5920" status="PASS">
          <reporter-output>
          </reporter-output>
        </test-method> <!-- beforeMethod -->
        <test-method signature="purchase()[pri:0, instance:Purchase.makePurchase@6e0f5f7f]" started-at="2023-12-11T13:45:20 EET" name="purchase" finished-at="2023-12-11T13:46:03 EET" duration-ms="43148" status="PASS">
          <reporter-output>
          </reporter-output>
        </test-method> <!-- purchase -->
        <test-method is-config="true" signature="afterMethod()[pri:0, instance:Purchase.makePurchase@6e0f5f7f]" started-at="2023-12-11T13:46:03 EET" name="afterMethod" finished-at="2023-12-11T13:46:06 EET" duration-ms="2353" status="PASS">
          <reporter-output>
          </reporter-output>
        </test-method> <!-- afterMethod -->
      </class> <!-- Purchase.makePurchase -->
    </test> <!-- Default test -->
  </suite> <!-- Default suite -->
</testng-results>
